21:48:09 [App     ] OpenMVS x64 v2.3.0
21:48:10 [App     ] Build date: Apr 23 2024, 21:41:43
21:48:10 [App     ] CPU: Intel(R) Core(TM) i7-10870H CPU @ 2.20GHz (16 cores)
21:48:10 [App     ] RAM: 9.72GB Physical Memory 10.00GB Virtual Memory
21:48:10 [App     ] OS: Linux 5.15.146.1-microsoft-standard-WSL2 (x86_64)
21:48:10 [App     ] Disk: 56.41GB (91.80GB) space
21:48:10 [App     ] SSE & AVX compatible CPU & OS detected
21:48:10 [App     ] Command line: TextureMesh scene_dense.mvs -m scene_dense_mesh.ply -w tests/castle/output/mvs --export-type obj
21:48:10 [App     ] Camera model loaded: platform 0; camera  0; f 0.789x0.789; poses 12
21:48:10 [App     ] Scene loaded from interface format (51ms):
	12 images (12 calibrated) with a total of 5.93 MPixels (0.49 MPixels/image)
	13820 points, 0 vertices, 0 faces
21:48:10 [App     ] Mesh loaded: 126722 vertices, 253299 faces (44ms)
21:48:22 [App     ] Assigning the best view to each face completed: 253299 faces (11s364ms)
21:48:24 [App     ] Generating texture atlas and image completed: 1246 patches, 2048 image size, 1 textures (1s315ms)
21:48:24 [App     ] Mesh texturing completed: 126722 vertices, 253299 faces (14s356ms)
21:48:26 [App     ] Mesh saved: 126722 vertices, 253299 faces (1s179ms)
21:48:26 [App     ] MEMORYINFO: {
21:48:26 [App     ] 	VmPeak:	 2833968 kB
21:48:26 [App     ] 	VmSize:	 2474016 kB
21:48:26 [App     ] } ENDINFO
