21:41:31 [App     ] OpenMVS x64 v2.3.0
21:41:31 [App     ] Build date: Apr 23 2024, 21:41:43
21:41:31 [App     ] CPU: Intel(R) Core(TM) i7-10870H CPU @ 2.20GHz (16 cores)
21:41:31 [App     ] RAM: 9.72GB Physical Memory 10.00GB Virtual Memory
21:41:31 [App     ] OS: Linux 5.15.146.1-microsoft-standard-WSL2 (x86_64)
21:41:31 [App     ] Disk: 47.91GB (91.80GB) space
21:41:31 [App     ] SSE & AVX compatible CPU & OS detected
21:41:31 [App     ] Command line: TextureMesh scene_dense.mvs -m scene_dense_mesh.ply -w tests/castle/output/mvs --export-type obj -o castle.obj
21:41:31 [App     ] Camera model loaded: platform 0; camera  0; f 0.789x0.789; poses 12
21:41:31 [App     ] Scene loaded from interface format (63ms):
	12 images (12 calibrated) with a total of 5.93 MPixels (0.49 MPixels/image)
	13666 points, 0 vertices, 0 faces
21:41:32 [App     ] Mesh loaded: 126779 vertices, 253393 faces (100ms)
21:41:53 [App     ] Assigning the best view to each face completed: 253393 faces (21s794ms)
21:42:03 [App     ] Generating texture atlas and image completed: 1274 patches, 2048 image size, 1 textures (9s111ms)
21:42:03 [App     ] Mesh texturing completed: 126779 vertices, 253393 faces (31s619ms)
21:42:05 [App     ] Mesh saved: 126779 vertices, 253393 faces (1s926ms)
21:42:05 [App     ] MEMORYINFO: {
21:42:05 [App     ] 	VmPeak:	 2950180 kB
21:42:05 [App     ] 	VmSize:	 2491184 kB
21:42:05 [App     ] } ENDINFO
