21:49:57 [App     ] OpenMVS x64 v2.3.0
21:49:57 [App     ] Build date: Apr 23 2024, 21:41:43
21:49:57 [App     ] CPU: Intel(R) Core(TM) i7-10870H CPU @ 2.20GHz (16 cores)
21:49:57 [App     ] RAM: 9.72GB Physical Memory 10.00GB Virtual Memory
21:49:57 [App     ] OS: Linux 5.15.146.1-microsoft-standard-WSL2 (x86_64)
21:49:57 [App     ] Disk: 46.58GB (91.80GB) space
21:49:57 [App     ] SSE & AVX compatible CPU & OS detected
21:49:57 [App     ] Command line: ReconstructMesh scene_dense.mvs -w tests/skull/output/mvs
21:49:57 [App     ] Camera model loaded: platform 0; camera  0; f 1.912x1.912; poses 68
21:49:57 [App     ] Scene loaded from interface format (66ms):
	68 images (68 calibrated) with a total of 33.62 MPixels (0.49 MPixels/image)
	29517 points, 0 vertices, 0 faces
21:49:58 [App     ] Point-cloud 'scene_dense.ply' loaded: 1261244 points (912ms)
21:50:04 [App     ] Delaunay tetrahedralization completed: 1261244 points -> 294587 vertices, 1823365 (+1296) cells, 3647378 (+1944) faces (4s438ms)
21:50:15 [App     ] Delaunay tetrahedras weighting completed: 1824661 cells, 3649322 faces (9s463ms)
21:50:18 [App     ] Delaunay tetrahedras graph-cut completed (540562 flow): 246254 vertices, 492498 faces (2s911ms)
21:50:19 [App     ] Mesh reconstruction completed: 246263 vertices, 492498 faces (19s531ms)
21:50:19 [App     ] Mesh trimmed to ROI: 0 vertices and 0 faces removed (1ms)
21:50:20 [App     ] Cleaned mesh: 246238 vertices, 492472 faces (1s243ms)
21:50:21 [App     ] Cleaned mesh: 246238 vertices, 492472 faces (1s14ms)
21:50:22 [App     ] Cleaned mesh: 246238 vertices, 492472 faces (737ms)
21:50:23 [App     ] Mesh saved: 246238 vertices, 492472 faces (816ms)
21:50:23 [App     ] MEMORYINFO: {
21:50:23 [App     ] 	VmPeak:	 1928344 kB
21:50:23 [App     ] 	VmSize:	 1600468 kB
21:50:23 [App     ] } ENDINFO
