22:00:59 [App     ] OpenMVS x64 v2.3.0
22:00:59 [App     ] Build date: Apr 23 2024, 21:41:43
22:01:00 [App     ] CPU: Intel(R) Core(TM) i7-10870H CPU @ 2.20GHz (16 cores)
22:01:00 [App     ] RAM: 9.72GB Physical Memory 10.00GB Virtual Memory
22:01:00 [App     ] OS: Linux 5.15.146.1-microsoft-standard-WSL2 (x86_64)
22:01:00 [App     ] Disk: 54.86GB (91.80GB) space
22:01:00 [App     ] SSE & AVX compatible CPU & OS detected
22:01:01 [App     ] Command line: ReconstructMesh scene_dense.mvs -w tests/skull/output/mvs
22:01:01 [App     ] Camera model loaded: platform 0; camera  0; f 1.913x1.913; poses 68
22:01:01 [App     ] Scene loaded from interface format (54ms):
	68 images (68 calibrated) with a total of 33.62 MPixels (0.49 MPixels/image)
	28190 points, 0 vertices, 0 faces
22:01:01 [App     ] Point-cloud 'scene_dense.ply' loaded: 1254858 points (807ms)
22:01:07 [App     ] Delaunay tetrahedralization completed: 1254858 points -> 294560 vertices, 1822142 (+1430) cells, 3644999 (+2145) faces (3s865ms)
22:01:18 [App     ] Delaunay tetrahedras weighting completed: 1823572 cells, 3647144 faces (9s88ms)
22:01:20 [App     ] Delaunay tetrahedras graph-cut completed (529553 flow): 246653 vertices, 493310 faces (2s287ms)
22:01:21 [App     ] Mesh reconstruction completed: 246659 vertices, 493310 faces (17s368ms)
22:01:21 [App     ] Mesh trimmed to ROI: 0 vertices and 0 faces removed (1ms)
22:01:22 [App     ] Cleaned mesh: 246655 vertices, 493306 faces (1s31ms)
22:01:23 [App     ] Cleaned mesh: 246655 vertices, 493306 faces (892ms)
22:01:23 [App     ] Cleaned mesh: 246655 vertices, 493306 faces (681ms)
22:01:23 [App     ] Mesh saved: 246655 vertices, 493306 faces (215ms)
22:01:24 [App     ] MEMORYINFO: {
22:01:24 [App     ] 	VmPeak:	 2447536 kB
22:01:24 [App     ] 	VmSize:	 1599956 kB
22:01:24 [App     ] } ENDINFO
