22:01:24 [App     ] OpenMVS x64 v2.3.0
22:01:24 [App     ] Build date: Apr 23 2024, 21:41:43
22:01:24 [App     ] CPU: Intel(R) Core(TM) i7-10870H CPU @ 2.20GHz (16 cores)
22:01:24 [App     ] RAM: 9.72GB Physical Memory 10.00GB Virtual Memory
22:01:24 [App     ] OS: Linux 5.15.146.1-microsoft-standard-WSL2 (x86_64)
22:01:24 [App     ] Disk: 54.86GB (91.80GB) space
22:01:24 [App     ] SSE & AVX compatible CPU & OS detected
22:01:24 [App     ] Command line: TextureMesh scene_dense.mvs -m scene_dense_mesh.ply -w tests/skull/output/mvs --export-type obj
22:01:24 [App     ] Camera model loaded: platform 0; camera  0; f 1.913x1.913; poses 68
22:01:24 [App     ] Scene loaded from interface format (70ms):
	68 images (68 calibrated) with a total of 33.62 MPixels (0.49 MPixels/image)
	28190 points, 0 vertices, 0 faces
22:01:24 [App     ] Mesh loaded: 246655 vertices, 493306 faces (96ms)
22:02:28 [App     ] Assigning the best view to each face completed: 493306 faces (1m3s247ms)
22:02:38 [App     ] Generating texture atlas and image completed: 4490 patches, 4096 image size, 1 textures (10s522ms)
22:02:39 [App     ] Mesh texturing completed: 246655 vertices, 493306 faces (1m14s229ms)
22:02:41 [App     ] Mesh saved: 246655 vertices, 493306 faces (2s713ms)
22:02:42 [App     ] MEMORYINFO: {
22:02:42 [App     ] 	VmPeak:	 3519012 kB
22:02:42 [App     ] 	VmSize:	 2635872 kB
22:02:42 [App     ] } ENDINFO
