21:53:47 [App     ] OpenMVS x64 v2.3.0
21:53:47 [App     ] Build date: Apr 23 2024, 21:41:43
21:53:47 [App     ] CPU: Intel(R) Core(TM) i7-10870H CPU @ 2.20GHz (16 cores)
21:53:47 [App     ] RAM: 9.72GB Physical Memory 10.00GB Virtual Memory
21:53:47 [App     ] OS: Linux 5.15.146.1-microsoft-standard-WSL2 (x86_64)
21:53:47 [App     ] Disk: 56.13GB (91.80GB) space
21:53:47 [App     ] SSE & AVX compatible CPU & OS detected
21:53:47 [App     ] Command line: DensifyPointCloud scene.mvs -w tests/dice/output/mvs
21:53:47 [App     ] Camera model loaded: platform 0; camera  0; f 1.878x1.878; poses 34
21:53:47 [App     ] Scene loaded from interface format (40ms):
	34 images (34 calibrated) with a total of 67.24 MPixels (1.98 MPixels/image)
	5967 points, 0 vertices, 0 faces
21:53:47 [App     ] Set the ROI by the estimated core points
21:53:47 [App     ] Point-cloud composed of 5967 points with:
 - points info:
	5967 points inside ROI (100.00%)
	 inside ROI track length: 2 min / 2.86962 mean (1.56382 std) / 17 max
	outside ROI track length: 1.79769e+308 min / -nan mean (-nan std) / -1.79769e+308 max
 - visibility info (17123 views - 2.87 views/point):
	        0 points with 1- views (0.00%)
	     3523 points with 2  views (59.04%)
	     1290 points with 3  views (21.62%)
	     1154 points with 4+ views (19.34%)
	2 min / 2.86962 mean (1.56382 std) / 17 max
21:53:48 [App     ] Preparing images for dense reconstruction completed: 34 images (290ms)
21:53:48 [App     ] Selecting images for dense reconstruction completed: 34 images (3ms)
21:53:48 [App     ] Reference image   0 paired with 4 views
21:53:48 [App     ] Reference image  16 paired with 3 views
21:53:49 [App     ] Depth-map for image   0 estimated using  4 images: 960x540 (711ms)
21:53:49 [App     ] Reference image  22 paired with 2 views
21:53:50 [App     ] Depth-map for image  16 estimated using  3 images: 960x540 (1s24ms)
21:53:51 [App     ] Reference image  26 paired with 3 views
21:53:51 [App     ] Depth-map for image  22 estimated using  2 images: 960x540 (631ms)
21:53:51 [App     ] Reference image  12 paired with 2 views
21:53:52 [App     ] Depth-map for image  26 estimated using  3 images: 960x540 (951ms)
21:53:52 [App     ] Reference image  20 paired with 3 views
21:53:52 [App     ] Depth-map for image  12 estimated using  2 images: 960x540 (659ms)
21:53:54 [App     ] Depth-map for image  20 estimated using  3 images: 960x540 (881ms)
21:53:54 [App     ] Reference image  10 paired with 2 views
21:53:56 [App     ] Reference image   8 paired with 3 views
21:53:56 [App     ] Depth-map for image  10 estimated using  2 images: 960x540 (600ms)
21:53:57 [App     ] Reference image  28 paired with 2 views
21:53:57 [App     ] Depth-map for image   8 estimated using  3 images: 960x540 (771ms)
21:53:57 [App     ] Reference image  30 paired with 2 views
21:53:58 [App     ] Depth-map for image  28 estimated using  2 images: 960x540 (649ms)
21:53:58 [App     ] Reference image  18 paired with 3 views
21:53:58 [App     ] Depth-map for image  30 estimated using  2 images: 960x540 (624ms)
21:53:58 [App     ] Reference image   3 paired with 2 views
21:53:59 [App     ] Depth-map for image  18 estimated using  3 images: 960x540 (986ms)
21:54:00 [App     ] Reference image  24 paired with 2 views
21:54:00 [App     ] Depth-map for image   3 estimated using  2 images: 960x540 (609ms)
21:54:00 [App     ] Reference image  14 paired with 2 views
21:54:01 [App     ] Depth-map for image  24 estimated using  2 images: 960x540 (676ms)
21:54:01 [App     ] Reference image  32 paired with 2 views
21:54:02 [App     ] Depth-map for image  14 estimated using  2 images: 960x540 (672ms)
21:54:02 [App     ] Reference image   6 paired with 2 views
21:54:02 [App     ] Depth-map for image  32 estimated using  2 images: 960x540 (698ms)
21:54:02 [App     ] Reference image  31 paired with 3 views
21:54:03 [App     ] Depth-map for image   6 estimated using  2 images: 960x540 (730ms)
21:54:03 [App     ] Reference image  17 paired with 2 views
21:54:04 [App     ] Depth-map for image  31 estimated using  3 images: 960x540 (957ms)
21:54:05 [App     ] Reference image  29 paired with 2 views
21:54:05 [App     ] Depth-map for image  17 estimated using  2 images: 960x540 (618ms)
21:54:07 [App     ] Reference image   9 paired with 3 views
21:54:07 [App     ] Depth-map for image  29 estimated using  2 images: 960x540 (612ms)
21:54:08 [App     ] Depth-map for image   9 estimated using  3 images: 960x540 (847ms)
21:54:08 [App     ] Reference image  15 paired with 4 views
21:54:08 [App     ] Reference image   4 paired with 3 views
21:54:09 [App     ] Depth-map for image  15 estimated using  4 images: 960x540 (1s69ms)
21:54:10 [App     ] Reference image  11 paired with 2 views
21:54:10 [App     ] Depth-map for image   4 estimated using  3 images: 960x540 (853ms)
21:54:11 [App     ] Reference image   1 paired with 4 views
21:54:11 [App     ] Depth-map for image  11 estimated using  2 images: 960x540 (677ms)
21:54:13 [App     ] Reference image   7 paired with 3 views
21:54:14 [App     ] Depth-map for image   1 estimated using  4 images: 960x540 (1s284ms)
21:54:16 [App     ] Reference image  21 paired with 2 views
21:54:16 [App     ] Depth-map for image   7 estimated using  3 images: 960x540 (830ms)
21:54:17 [App     ] Depth-map for image  21 estimated using  2 images: 960x540 (588ms)
21:54:17 [App     ] Reference image  13 paired with 4 views
21:54:17 [App     ] Reference image  27 paired with 2 views
21:54:18 [App     ] Depth-map for image  13 estimated using  4 images: 960x540 (777ms)
21:54:18 [App     ] Reference image  19 paired with 2 views
21:54:19 [App     ] Depth-map for image  27 estimated using  2 images: 960x540 (697ms)
21:54:19 [App     ] Reference image  23 paired with 2 views
21:54:19 [App     ] Depth-map for image  19 estimated using  2 images: 960x540 (619ms)
21:54:20 [App     ] Reference image  33 paired with 3 views
21:54:20 [App     ] Depth-map for image  23 estimated using  2 images: 960x540 (598ms)
21:54:20 [App     ] Reference image  25 paired with 3 views
21:54:21 [App     ] Depth-map for image  33 estimated using  3 images: 960x540 (761ms)
21:54:22 [App     ] Reference image   5 paired with 2 views
21:54:22 [App     ] Depth-map for image  25 estimated using  3 images: 960x540 (776ms)
21:54:24 [App     ] Depth-map for image   5 estimated using  2 images: 960x540 (640ms)
21:54:24 [App     ] Reference image   2 paired with 4 views
21:54:25 [App     ] Depth-map for image   2 estimated using  4 images: 960x540 (1s118ms)
21:54:26 [App     ] Reference image   0 paired with 4 views
21:54:26 [App     ] Reference image  16 paired with 3 views
21:54:26 [App     ] Depth-map for image   0 estimated using  4 images: 960x540 (226ms)
21:54:27 [App     ] Reference image  22 paired with 2 views
21:54:27 [App     ] Depth-map for image  16 estimated using  3 images: 960x540 (339ms)
21:54:27 [App     ] Reference image  26 paired with 3 views
21:54:27 [App     ] Depth-map for image  22 estimated using  2 images: 960x540 (202ms)
21:54:27 [App     ] Reference image  12 paired with 2 views
21:54:27 [App     ] Depth-map for image  26 estimated using  3 images: 960x540 (247ms)
21:54:28 [App     ] Depth-map for image  12 estimated using  2 images: 960x540 (167ms)
21:54:28 [App     ] Reference image  20 paired with 3 views
21:54:28 [App     ] Reference image  10 paired with 2 views
21:54:28 [App     ] Depth-map for image  20 estimated using  3 images: 960x540 (333ms)
21:54:28 [App     ] Depth-map for image  10 estimated using  2 images: 960x540 (211ms)
21:54:28 [App     ] Reference image   8 paired with 3 views
21:54:29 [App     ] Reference image  28 paired with 2 views
21:54:29 [App     ] Depth-map for image   8 estimated using  3 images: 960x540 (247ms)
21:54:29 [App     ] Depth-map for image  28 estimated using  2 images: 960x540 (192ms)
21:54:29 [App     ] Reference image  30 paired with 2 views
21:54:29 [App     ] Reference image  18 paired with 3 views
21:54:30 [App     ] Depth-map for image  30 estimated using  2 images: 960x540 (207ms)
21:54:30 [App     ] Depth-map for image  18 estimated using  3 images: 960x540 (223ms)
21:54:30 [App     ] Reference image   3 paired with 2 views
21:54:30 [App     ] Reference image  24 paired with 2 views
21:54:30 [App     ] Depth-map for image   3 estimated using  2 images: 960x540 (169ms)
21:54:31 [App     ] Reference image  14 paired with 2 views
21:54:31 [App     ] Depth-map for image  24 estimated using  2 images: 960x540 (179ms)
21:54:31 [App     ] Reference image  32 paired with 2 views
21:54:31 [App     ] Depth-map for image  14 estimated using  2 images: 960x540 (205ms)
21:54:31 [App     ] Reference image   6 paired with 2 views
21:54:31 [App     ] Depth-map for image  32 estimated using  2 images: 960x540 (188ms)
21:54:32 [App     ] Depth-map for image   6 estimated using  2 images: 960x540 (177ms)
21:54:32 [App     ] Reference image  31 paired with 3 views
21:54:32 [App     ] Reference image  17 paired with 2 views
21:54:32 [App     ] Depth-map for image  31 estimated using  3 images: 960x540 (229ms)
21:54:32 [App     ] Depth-map for image  17 estimated using  2 images: 960x540 (184ms)
21:54:32 [App     ] Reference image  29 paired with 2 views
21:54:33 [App     ] Reference image   9 paired with 3 views
21:54:33 [App     ] Depth-map for image  29 estimated using  2 images: 960x540 (173ms)
21:54:33 [App     ] Depth-map for image   9 estimated using  3 images: 960x540 (218ms)
21:54:33 [App     ] Reference image  15 paired with 4 views
21:54:33 [App     ] Reference image   4 paired with 3 views
21:54:34 [App     ] Depth-map for image  15 estimated using  4 images: 960x540 (297ms)
21:54:34 [App     ] Depth-map for image   4 estimated using  3 images: 960x540 (265ms)
21:54:34 [App     ] Reference image  11 paired with 2 views
21:54:34 [App     ] Reference image   1 paired with 4 views
21:54:35 [App     ] Depth-map for image  11 estimated using  2 images: 960x540 (199ms)
21:54:36 [App     ] Depth-map for image   1 estimated using  4 images: 960x540 (285ms)
21:54:36 [App     ] Reference image   7 paired with 3 views
21:54:36 [App     ] Reference image  21 paired with 2 views
21:54:37 [App     ] Depth-map for image   7 estimated using  3 images: 960x540 (252ms)
21:54:37 [App     ] Depth-map for image  21 estimated using  2 images: 960x540 (172ms)
21:54:37 [App     ] Reference image  13 paired with 4 views
21:54:37 [App     ] Reference image  27 paired with 2 views
21:54:38 [App     ] Depth-map for image  13 estimated using  4 images: 960x540 (233ms)
21:54:38 [App     ] Reference image  19 paired with 2 views
21:54:38 [App     ] Depth-map for image  27 estimated using  2 images: 960x540 (217ms)
21:54:38 [App     ] Depth-map for image  19 estimated using  2 images: 960x540 (185ms)
21:54:38 [App     ] Reference image  23 paired with 2 views
21:54:39 [App     ] Reference image  33 paired with 3 views
21:54:39 [App     ] Depth-map for image  23 estimated using  2 images: 960x540 (266ms)
21:54:39 [App     ] Depth-map for image  33 estimated using  3 images: 960x540 (201ms)
21:54:39 [App     ] Reference image  25 paired with 3 views
21:54:39 [App     ] Reference image   5 paired with 2 views
21:54:40 [App     ] Depth-map for image  25 estimated using  3 images: 960x540 (235ms)
21:54:40 [App     ] Depth-map for image   5 estimated using  2 images: 960x540 (193ms)
21:54:40 [App     ] Reference image   2 paired with 4 views
21:54:41 [App     ] Depth-map for image   2 estimated using  4 images: 960x540 (292ms)
21:54:42 [App     ] Reference image   0 paired with 4 views
21:54:42 [App     ] Reference image  16 paired with 3 views
21:54:42 [App     ] Depth-map for image   0 estimated using  4 images: 960x540 (224ms)
21:54:43 [App     ] Depth-map for image  16 estimated using  3 images: 960x540 (224ms)
21:54:43 [App     ] Reference image  22 paired with 2 views
21:54:43 [App     ] Reference image  26 paired with 3 views
21:54:43 [App     ] Depth-map for image  22 estimated using  2 images: 960x540 (182ms)
21:54:43 [App     ] Depth-map for image  26 estimated using  3 images: 960x540 (227ms)
21:54:43 [App     ] Reference image  12 paired with 2 views
21:54:43 [App     ] Reference image  20 paired with 3 views
21:54:44 [App     ] Depth-map for image  12 estimated using  2 images: 960x540 (169ms)
21:54:44 [App     ] Depth-map for image  20 estimated using  3 images: 960x540 (221ms)
21:54:44 [App     ] Reference image  10 paired with 2 views
21:54:44 [App     ] Reference image   8 paired with 3 views
21:54:45 [App     ] Depth-map for image  10 estimated using  2 images: 960x540 (177ms)
21:54:45 [App     ] Depth-map for image   8 estimated using  3 images: 960x540 (235ms)
21:54:45 [App     ] Reference image  28 paired with 2 views
21:54:46 [App     ] Reference image  30 paired with 2 views
21:54:46 [App     ] Depth-map for image  28 estimated using  2 images: 960x540 (157ms)
21:54:47 [App     ] Depth-map for image  30 estimated using  2 images: 960x540 (165ms)
21:54:48 [App     ] Reference image  18 paired with 3 views
21:54:48 [App     ] Reference image   3 paired with 2 views
21:54:48 [App     ] Depth-map for image  18 estimated using  3 images: 960x540 (235ms)
21:54:49 [App     ] Depth-map for image   3 estimated using  2 images: 960x540 (185ms)
21:54:49 [App     ] Reference image  24 paired with 2 views
21:54:49 [App     ] Reference image  14 paired with 2 views
21:54:49 [App     ] Depth-map for image  24 estimated using  2 images: 960x540 (179ms)
21:54:49 [App     ] Depth-map for image  14 estimated using  2 images: 960x540 (177ms)
21:54:49 [App     ] Reference image  32 paired with 2 views
21:54:50 [App     ] Reference image   6 paired with 2 views
21:54:50 [App     ] Depth-map for image  32 estimated using  2 images: 960x540 (195ms)
21:54:50 [App     ] Depth-map for image   6 estimated using  2 images: 960x540 (237ms)
21:54:50 [App     ] Reference image  31 paired with 3 views
21:54:50 [App     ] Reference image  17 paired with 2 views
21:54:51 [App     ] Depth-map for image  31 estimated using  3 images: 960x540 (260ms)
21:54:51 [App     ] Depth-map for image  17 estimated using  2 images: 960x540 (178ms)
21:54:51 [App     ] Reference image  29 paired with 2 views
21:54:53 [App     ] Reference image   9 paired with 3 views
21:54:53 [App     ] Depth-map for image  29 estimated using  2 images: 960x540 (169ms)
21:54:53 [App     ] Depth-map for image   9 estimated using  3 images: 960x540 (221ms)
21:54:53 [App     ] Reference image  15 paired with 4 views
21:54:54 [App     ] Reference image   4 paired with 3 views
21:54:54 [App     ] Depth-map for image  15 estimated using  4 images: 960x540 (288ms)
21:54:54 [App     ] Depth-map for image   4 estimated using  3 images: 960x540 (264ms)
21:54:54 [App     ] Reference image  11 paired with 2 views
21:54:56 [App     ] Reference image   1 paired with 4 views
21:54:56 [App     ] Depth-map for image  11 estimated using  2 images: 960x540 (179ms)
21:54:57 [App     ] Reference image   7 paired with 3 views
21:54:57 [App     ] Depth-map for image   1 estimated using  4 images: 960x540 (364ms)
21:54:57 [App     ] Depth-map for image   7 estimated using  3 images: 960x540 (236ms)
21:54:57 [App     ] Reference image  21 paired with 2 views
21:54:57 [App     ] Reference image  13 paired with 4 views
21:54:58 [App     ] Depth-map for image  21 estimated using  2 images: 960x540 (178ms)
21:54:59 [App     ] Depth-map for image  13 estimated using  4 images: 960x540 (197ms)
21:54:59 [App     ] Reference image  27 paired with 2 views
21:54:59 [App     ] Reference image  19 paired with 2 views
21:55:00 [App     ] Depth-map for image  27 estimated using  2 images: 960x540 (204ms)
21:55:00 [App     ] Depth-map for image  19 estimated using  2 images: 960x540 (230ms)
21:55:00 [App     ] Reference image  23 paired with 2 views
21:55:00 [App     ] Reference image  33 paired with 3 views
21:55:00 [App     ] Depth-map for image  23 estimated using  2 images: 960x540 (197ms)
21:55:01 [App     ] Depth-map for image  33 estimated using  3 images: 960x540 (222ms)
21:55:01 [App     ] Reference image  25 paired with 3 views
21:55:01 [App     ] Reference image   5 paired with 2 views
21:55:01 [App     ] Depth-map for image  25 estimated using  3 images: 960x540 (225ms)
21:55:02 [App     ] Reference image   2 paired with 4 views
21:55:02 [App     ] Depth-map for image   5 estimated using  2 images: 960x540 (186ms)
21:55:02 [App     ] Depth-map for image   2 estimated using  4 images: 960x540 (303ms)
21:55:03 [App     ] Depth map   0 filtered using 8 other images: 19394/26742 depths discarded (112ms)
21:55:03 [App     ] Depth map  10 filtered using 8 other images: 1657/102142 depths discarded (184ms)
21:55:04 [App     ] Depth map  12 filtered using 8 other images: 3908/94644 depths discarded (849ms)
21:55:04 [App     ] Depth map  16 filtered using 8 other images: 2692/103306 depths discarded (822ms)
21:55:04 [App     ] Depth map   8 filtered using 8 other images: 5598/94819 depths discarded (835ms)
21:55:04 [App     ] Depth map   3 filtered using 8 other images: 6598/95759 depths discarded (836ms)
21:55:04 [App     ] Depth map  20 filtered using 8 other images: 1703/103608 depths discarded (836ms)
21:55:04 [App     ] Depth map  22 filtered using 8 other images: 3391/93660 depths discarded (839ms)
21:55:04 [App     ] Depth map  26 filtered using 8 other images: 1145/100280 depths discarded (840ms)
21:55:04 [App     ] Depth map  32 filtered using 8 other images: 3841/100767 depths discarded (845ms)
21:55:04 [App     ] Depth map  30 filtered using 8 other images: 4650/93375 depths discarded (850ms)
21:55:04 [App     ] Depth map  14 filtered using 8 other images: 4385/100206 depths discarded (854ms)
21:55:04 [App     ] Depth map   6 filtered using 8 other images: 7138/99822 depths discarded (856ms)
21:55:04 [App     ] Depth map  18 filtered using 8 other images: 1100/100381 depths discarded (857ms)
21:55:04 [App     ] Depth map  28 filtered using 8 other images: 7302/102153 depths discarded (858ms)
21:55:04 [App     ] Depth map  24 filtered using 8 other images: 2460/101777 depths discarded (859ms)
21:55:05 [App     ] Depth map  31 filtered using 8 other images: 2364/99385 depths discarded (71ms)
21:55:05 [App     ] Depth map  17 filtered using 8 other images: 1401/101964 depths discarded (75ms)
21:55:05 [App     ] Depth map  29 filtered using 8 other images: 5784/100618 depths discarded (78ms)
21:55:05 [App     ] Depth map   9 filtered using 8 other images: 2522/102158 depths discarded (82ms)
21:55:05 [App     ] Depth map  15 filtered using 8 other images: 7422/95177 depths discarded (80ms)
21:55:05 [App     ] Depth map   4 filtered using 8 other images: 4846/101489 depths discarded (95ms)
21:55:05 [App     ] Depth map  11 filtered using 8 other images: 2226/100927 depths discarded (88ms)
21:55:05 [App     ] Depth map   1 filtered using 8 other images: 4259/102875 depths discarded (76ms)
21:55:05 [App     ] Depth map   7 filtered using 8 other images: 6713/102182 depths discarded (131ms)
21:55:05 [App     ] Depth map  21 filtered using 8 other images: 2684/91802 depths discarded (110ms)
21:55:05 [App     ] Depth map  13 filtered using 8 other images: 9290/13962 depths discarded (89ms)
21:55:05 [App     ] Depth map  27 filtered using 8 other images: 1986/104463 depths discarded (134ms)
21:55:05 [App     ] Depth map  19 filtered using 8 other images: 2407/101737 depths discarded (126ms)
21:55:05 [App     ] Depth map  25 filtered using 8 other images: 10375/61986 depths discarded (83ms)
21:55:05 [App     ] Depth map  33 filtered using 8 other images: 9830/65930 depths discarded (101ms)
21:55:05 [App     ] Depth map  23 filtered using 8 other images: 547/101469 depths discarded (122ms)
21:55:05 [App     ] Depth map   5 filtered using 8 other images: 4390/92370 depths discarded (84ms)
21:55:06 [App     ] Depth map   2 filtered using 8 other images: 3411/100790 depths discarded (67ms)
21:55:10 [App     ] Depth-maps fused and filtered: 34 depth-maps, 2919424 depths, 593092 points (20%%) (1s579ms)
21:55:12 [App     ] Point-cloud trimmed to ROI: 0 points removed (2ms)
21:55:12 [App     ] Densifying point-cloud completed: 593092 points (1m24s313ms)
21:55:12 [App     ] Point-cloud 'scene_dense.ply' saved: 593092 points (467ms)
21:55:13 [App     ] Scene saved to interface format (27ms):
	34 images (34 calibrated)
	5967 points, 0 vertices, 0 faces
21:55:13 [App     ] MEMORYINFO: {
21:55:13 [App     ] 	VmPeak:	 3894412 kB
21:55:13 [App     ] 	VmSize:	 3622596 kB
21:55:13 [App     ] } ENDINFO
