21:55:14 [App     ] OpenMVS x64 v2.3.0
21:55:14 [App     ] Build date: Apr 23 2024, 21:41:43
21:55:14 [App     ] CPU: Intel(R) Core(TM) i7-10870H CPU @ 2.20GHz (16 cores)
21:55:14 [App     ] RAM: 9.72GB Physical Memory 10.00GB Virtual Memory
21:55:14 [App     ] OS: Linux 5.15.146.1-microsoft-standard-WSL2 (x86_64)
21:55:14 [App     ] Disk: 55.74GB (91.80GB) space
21:55:14 [App     ] SSE & AVX compatible CPU & OS detected
21:55:14 [App     ] Command line: ReconstructMesh scene_dense.mvs -w tests/dice/output/mvs
21:55:14 [App     ] Camera model loaded: platform 0; camera  0; f 1.878x1.878; poses 34
21:55:14 [App     ] Scene loaded from interface format (40ms):
	34 images (34 calibrated) with a total of 16.81 MPixels (0.49 MPixels/image)
	5967 points, 0 vertices, 0 faces
21:55:15 [App     ] Point-cloud 'scene_dense.ply' loaded: 593092 points (427ms)
21:55:17 [App     ] Delaunay tetrahedralization completed: 593092 points -> 157110 vertices, 972521 (+1666) cells, 1945875 (+2499) faces (2s139ms)
21:55:22 [App     ] Delaunay tetrahedras weighting completed: 974187 cells, 1948374 faces (4s358ms)
21:55:24 [App     ] Delaunay tetrahedras graph-cut completed (240609 flow): 131409 vertices, 262816 faces (1s301ms)
21:55:25 [App     ] Mesh reconstruction completed: 131410 vertices, 262816 faces (9s932ms)
21:55:25 [App     ] Mesh trimmed to ROI: 0 vertices and 0 faces removed (0ms)
21:55:26 [App     ] Cleaned mesh: 131410 vertices, 262816 faces (607ms)
21:55:27 [App     ] Cleaned mesh: 131410 vertices, 262816 faces (479ms)
21:55:27 [App     ] Cleaned mesh: 131410 vertices, 262816 faces (381ms)
21:55:27 [App     ] Mesh saved: 131410 vertices, 262816 faces (124ms)
21:55:27 [App     ] MEMORYINFO: {
21:55:27 [App     ] 	VmPeak:	 1651740 kB
21:55:27 [App     ] 	VmSize:	 1462716 kB
21:55:27 [App     ] } ENDINFO
