21:43:54 [App     ] OpenMVS x64 v2.3.0
21:43:55 [App     ] Build date: Apr 23 2024, 21:41:43
21:43:55 [App     ] CPU: Intel(R) Core(TM) i7-10870H CPU @ 2.20GHz (16 cores)
21:43:55 [App     ] RAM: 9.72GB Physical Memory 10.00GB Virtual Memory
21:43:55 [App     ] OS: Linux 5.15.146.1-microsoft-standard-WSL2 (x86_64)
21:43:55 [App     ] Disk: 47.46GB (91.80GB) space
21:43:55 [App     ] SSE & AVX compatible CPU & OS detected
21:43:55 [App     ] Command line: ReconstructMesh scene_dense.mvs -w tests/dice/output/mvs
21:43:55 [App     ] Camera model loaded: platform 0; camera  0; f 1.875x1.875; poses 34
21:43:55 [App     ] Scene loaded from interface format (41ms):
	34 images (34 calibrated) with a total of 16.81 MPixels (0.49 MPixels/image)
	6017 points, 0 vertices, 0 faces
21:43:55 [App     ] Point-cloud 'scene_dense.ply' loaded: 603733 points (449ms)
21:43:58 [App     ] Delaunay tetrahedralization completed: 603733 points -> 156783 vertices, 970278 (+1548) cells, 1941330 (+2322) faces (2s836ms)
21:44:04 [App     ] Delaunay tetrahedras weighting completed: 971826 cells, 1943652 faces (4s779ms)
21:44:06 [App     ] Delaunay tetrahedras graph-cut completed (233333 flow): 132056 vertices, 264112 faces (1s618ms)
21:44:06 [App     ] Mesh reconstruction completed: 132058 vertices, 264112 faces (10s301ms)
21:44:06 [App     ] Mesh trimmed to ROI: 0 vertices and 0 faces removed (0ms)
21:44:07 [App     ] Cleaned mesh: 132058 vertices, 264112 faces (868ms)
21:44:07 [App     ] Cleaned mesh: 132058 vertices, 264112 faces (533ms)
21:44:08 [App     ] Cleaned mesh: 132058 vertices, 264112 faces (485ms)
21:44:08 [App     ] Mesh saved: 132058 vertices, 264112 faces (125ms)
21:44:08 [App     ] MEMORYINFO: {
21:44:08 [App     ] 	VmPeak:	 1651916 kB
21:44:08 [App     ] 	VmSize:	 1492036 kB
21:44:08 [App     ] } ENDINFO
